<?xml version="1.0" encoding="UTF-8"?>
<testng-results skipped="0" failed="0" ignored="0" total="1" passed="1">
  <reporter-output>
  </reporter-output>
  <suite name="Default suite" duration-ms="6982" started-at="2020-06-26T19:39:25 IST" finished-at="2020-06-26T19:39:32 IST">
    <groups>
    </groups>
    <test name="Default test" duration-ms="6982" started-at="2020-06-26T19:39:25 IST" finished-at="2020-06-26T19:39:32 IST">
      <class name="OrangeHRMPkg.BrowserLaunchScript">
        <test-method status="PASS" signature="launchBrowser()[pri:0, instance:OrangeHRMPkg.BrowserLaunchScript@5d76b067]" name="launchBrowser" duration-ms="6895" started-at="2020-06-26T19:39:25 IST" finished-at="2020-06-26T19:39:32 IST">
          <reporter-output>
          </reporter-output>
        </test-method> <!-- launchBrowser -->
      </class> <!-- OrangeHRMPkg.BrowserLaunchScript -->
    </test> <!-- Default test -->
  </suite> <!-- Default suite -->
</testng-results>
